2025-05-15 09:34:30 | WARNING | Device 29498 was not found.
2025-05-15 09:34:30 | WARNING | Device not found in substitute_dict: 29498
2025-05-15 09:34:30 | WARNING | Device 30080 was not found.
2025-05-15 09:34:30 | WARNING | Device not found in substitute_dict: 30080
2025-05-15 09:34:30 | WARNING | Device 30688 was not found.
2025-05-15 09:34:30 | WARNING | Device not found in substitute_dict: 30688
2025-05-15 09:34:30 | WARNING | Device AC000001_1 was not found.
2025-05-15 09:34:30 | WARNING | Device AC000004_1 was not found.
2025-05-15 09:34:30 | WARNING | Device AC000007_1 was not found.
2025-05-15 09:34:30 | WARNING | Device AC000010_1 was not found.
2025-05-15 09:34:30 | WARNING | Device AC000013_1 was not found.
2025-05-15 09:34:30 | WARNING | Device AC000002_1 was not found.
2025-05-15 09:34:30 | WARNING | Device AC000003_1 was not found.
2025-05-15 09:34:30 | WARNING | Device AC000005_1 was not found.
2025-05-15 09:34:30 | WARNING | Device VR1UJZKXZKW134851 was not found.
2025-05-15 09:34:30 | WARNING | Device AC000006_1 was not found.
2025-05-15 09:34:30 | WARNING | Device not found in substitute_dict: VR1UJZKXZKW134851
2025-05-15 09:34:30 | WARNING | Device AC000008_1 was not found.
2025-05-15 09:34:30 | WARNING | Device AC000009_1 was not found.
2025-05-15 09:34:30 | WARNING | Device AC000011_1 was not found.
2025-05-15 09:34:30 | WARNING | Device AC000012_1 was not found.
2025-05-15 09:34:30 | WARNING | Device AC000014_1 was not found.
2025-05-15 09:34:30 | WARNING | Device ACEXT001_1 was not found.
2025-05-15 09:34:30 | WARNING | Device ACEXT002_1 was not found.
2025-05-15 09:34:30 | WARNING | Device ACEXT003_1 was not found.
2025-05-15 09:34:30 | WARNING | Device ACEXT004_1 was not found.
